2014-03-23 17:04:53 Error: [MissingControllerException] Controller class Proxy.txtController could not be found.
Exception Attributes: array (
  'class' => 'Proxy.txtController',
  'plugin' => NULL,
)
Request URL: /proxy.txt?q=%2Fapp%2Fwebroot%2Fproxy.txt&args=
Stack Trace:
#0 /var/www/app/webroot/index.php(108): Dispatcher->dispatch(Object(CakeRequest), Object(CakeResponse))
#1 {main}
2014-03-24 08:59:37 Error: [MissingControllerException] Controller class Cgi-binController could not be found.
Exception Attributes: array (
  'class' => 'Cgi-binController',
  'plugin' => NULL,
)
Request URL: /cgi-bin/rtpd.cgi?q=%2Fapp%2Fwebroot%2Fcgi-bin%2Frtpd.cgi&args=
Stack Trace:
#0 /var/www/app/webroot/index.php(108): Dispatcher->dispatch(Object(CakeRequest), Object(CakeResponse))
#1 {main}
2014-03-25 01:49:03 Error: [MissingControllerException] Controller class Robots.txtController could not be found.
Exception Attributes: array (
  'class' => 'Robots.txtController',
  'plugin' => NULL,
)
Request URL: /robots.txt?q=%2Fapp%2Fwebroot%2Frobots.txt&args=
Stack Trace:
#0 /var/www/app/webroot/index.php(108): Dispatcher->dispatch(Object(CakeRequest), Object(CakeResponse))
#1 {main}
2014-03-25 20:35:39 Error: [MissingControllerException] Controller class W00tw00t.at.blackhats.romanian.anti-sec:)Controller could not be found.
Exception Attributes: array (
  'class' => 'W00tw00t.at.blackhats.romanian.anti-sec:)Controller',
  'plugin' => NULL,
)
Request URL: /w00tw00t.at.blackhats.romanian.anti-sec:)?q=%2Fapp%2Fwebroot%2Fw00tw00t.at.blackhats.romanian.anti-sec%3A%29&args=
Stack Trace:
#0 /var/www/app/webroot/index.php(108): Dispatcher->dispatch(Object(CakeRequest), Object(CakeResponse))
#1 {main}
2014-03-27 14:34:50 Error: [MissingControllerException] Controller class Cgi-binController could not be found.
Exception Attributes: array (
  'class' => 'Cgi-binController',
  'plugin' => NULL,
)
Request URL: /cgi-bin/php/%63%67%69%6E/%70%68%70?q=%2Fapp%2Fwebroot%2Fcgi-bin%2Fphp%2Fcgin%2Fphp&args=
Stack Trace:
#0 /var/www/app/webroot/index.php(108): Dispatcher->dispatch(Object(CakeRequest), Object(CakeResponse))
#1 {main}
2014-03-27 14:34:50 Error: [MissingControllerException] Controller class Cgi-binController could not be found.
Exception Attributes: array (
  'class' => 'Cgi-binController',
  'plugin' => NULL,
)
Request URL: //%63%67%69%2d%62%69%6e/%70%68%70?q=%2Fapp%2Fwebroot%2Fcgi-bin%2Fphp&args=
Stack Trace:
#0 /var/www/app/webroot/index.php(108): Dispatcher->dispatch(Object(CakeRequest), Object(CakeResponse))
#1 {main}
2014-03-27 14:34:50 Error: [MissingControllerException] Controller class Cgi-binController could not be found.
Exception Attributes: array (
  'class' => 'Cgi-binController',
  'plugin' => NULL,
)
Request URL: /cgi-bin/php5/%63%67%69%6E/%70%68%70?q=%2Fapp%2Fwebroot%2Fcgi-bin%2Fphp5%2Fcgin%2Fphp&args=
Stack Trace:
#0 /var/www/app/webroot/index.php(108): Dispatcher->dispatch(Object(CakeRequest), Object(CakeResponse))
#1 {main}
2014-03-27 14:34:50 Error: [MissingControllerException] Controller class Cgi-binController could not be found.
Exception Attributes: array (
  'class' => 'Cgi-binController',
  'plugin' => NULL,
)
Request URL: /cgi-bin/php-cgi/%63%67%69%6E/%70%68%70?q=%2Fapp%2Fwebroot%2Fcgi-bin%2Fphp-cgi%2Fcgin%2Fphp&args=
Stack Trace:
#0 /var/www/app/webroot/index.php(108): Dispatcher->dispatch(Object(CakeRequest), Object(CakeResponse))
#1 {main}
2014-03-28 10:14:35 Error: [MissingControllerException] Controller class Proxycheck.plController could not be found.
Exception Attributes: array (
  'class' => 'Proxycheck.plController',
  'plugin' => NULL,
)
Request URL: /proxycheck.pl?q=%2Fapp%2Fwebroot%2Fproxycheck.pl&args=
Stack Trace:
#0 /var/www/app/webroot/index.php(108): Dispatcher->dispatch(Object(CakeRequest), Object(CakeResponse))
#1 {main}
2014-03-29 02:23:44 Error: [MissingControllerException] Controller class ManagerController could not be found.
Exception Attributes: array (
  'class' => 'ManagerController',
  'plugin' => NULL,
)
Request URL: /manager/html?q=%2Fapp%2Fwebroot%2Fmanager%2Fhtml&args=
Stack Trace:
#0 /var/www/app/webroot/index.php(108): Dispatcher->dispatch(Object(CakeRequest), Object(CakeResponse))
#1 {main}
2014-03-31 02:35:30 Error: [MissingControllerException] Controller class Robots.txtController could not be found.
Exception Attributes: array (
  'class' => 'Robots.txtController',
  'plugin' => NULL,
)
Request URL: /robots.txt?q=%2Fapp%2Fwebroot%2Frobots.txt&args=
Stack Trace:
#0 /var/www/app/webroot/index.php(108): Dispatcher->dispatch(Object(CakeRequest), Object(CakeResponse))
#1 {main}
2014-04-01 01:41:11 Error: [MissingControllerException] Controller class CFIDEController could not be found.
Exception Attributes: array (
  'class' => 'CFIDEController',
  'plugin' => NULL,
)
Request URL: /CFIDE/administrator/enter.cfm?q=%2Fapp%2Fwebroot%2FCFIDE%2Fadministrator%2Fenter.cfm&args=
Stack Trace:
#0 /var/www/app/webroot/index.php(108): Dispatcher->dispatch(Object(CakeRequest), Object(CakeResponse))
#1 {main}
2014-04-02 16:23:18 Error: [MissingControllerException] Controller class PhpmyadminController could not be found.
Exception Attributes: array (
  'class' => 'PhpmyadminController',
  'plugin' => NULL,
)
Request URL: /phpmyadmin?q=%2Fapp%2Fwebroot%2Fphpmyadmin&args=
Stack Trace:
#0 /var/www/app/webroot/index.php(108): Dispatcher->dispatch(Object(CakeRequest), Object(CakeResponse))
#1 {main}
2014-04-02 16:23:21 Error: [MissingControllerException] Controller class PhpmyadminController could not be found.
Exception Attributes: array (
  'class' => 'PhpmyadminController',
  'plugin' => NULL,
)
Request URL: /phpmyadmin?q=%2Fapp%2Fwebroot%2Fphpmyadmin&args=
Stack Trace:
#0 /var/www/app/webroot/index.php(108): Dispatcher->dispatch(Object(CakeRequest), Object(CakeResponse))
#1 {main}
2014-04-02 16:23:23 Error: [MissingControllerException] Controller class PhpmyadminController could not be found.
Exception Attributes: array (
  'class' => 'PhpmyadminController',
  'plugin' => NULL,
)
Request URL: /phpmyadmin?q=%2Fapp%2Fwebroot%2Fphpmyadmin&args=
Stack Trace:
#0 /var/www/app/webroot/index.php(108): Dispatcher->dispatch(Object(CakeRequest), Object(CakeResponse))
#1 {main}
2014-04-02 16:29:19 Error: [MissingControllerException] Controller class PmaController could not be found.
Exception Attributes: array (
  'class' => 'PmaController',
  'plugin' => NULL,
)
Request URL: /pma/?q=%2Fapp%2Fwebroot%2Fpma%2F&args=
Stack Trace:
#0 /var/www/app/webroot/index.php(108): Dispatcher->dispatch(Object(CakeRequest), Object(CakeResponse))
#1 {main}
2014-04-02 16:29:22 Error: [MissingControllerException] Controller class PmaController could not be found.
Exception Attributes: array (
  'class' => 'PmaController',
  'plugin' => NULL,
)
Request URL: /pma?q=%2Fapp%2Fwebroot%2Fpma&args=
Stack Trace:
#0 /var/www/app/webroot/index.php(108): Dispatcher->dispatch(Object(CakeRequest), Object(CakeResponse))
#1 {main}
2014-04-02 16:30:15 Error: [MissingControllerException] Controller class PmaController could not be found.
Exception Attributes: array (
  'class' => 'PmaController',
  'plugin' => NULL,
)
Request URL: /pma?q=%2Fapp%2Fwebroot%2Fpma&args=
Stack Trace:
#0 /var/www/app/webroot/index.php(108): Dispatcher->dispatch(Object(CakeRequest), Object(CakeResponse))
#1 {main}
2014-04-02 16:30:33 Error: [MissingControllerException] Controller class PmaController could not be found.
Exception Attributes: array (
  'class' => 'PmaController',
  'plugin' => NULL,
)
Request URL: /pma?q=%2Fapp%2Fwebroot%2Fpma&args=
Stack Trace:
#0 /var/www/app/webroot/index.php(108): Dispatcher->dispatch(Object(CakeRequest), Object(CakeResponse))
#1 {main}
2014-04-02 18:46:45 Error: [MissingControllerException] Controller class PmaController could not be found.
Exception Attributes: array (
  'class' => 'PmaController',
  'plugin' => NULL,
)
Request URL: /pma?q=%2Fapp%2Fwebroot%2Fpma&args=
Stack Trace:
#0 /var/www/app/webroot/index.php(108): Dispatcher->dispatch(Object(CakeRequest), Object(CakeResponse))
#1 {main}
2014-04-03 02:28:08 Error: [MissingControllerException] Controller class ManagerController could not be found.
Exception Attributes: array (
  'class' => 'ManagerController',
  'plugin' => NULL,
)
Request URL: /manager/status?q=%2Fapp%2Fwebroot%2Fmanager%2Fstatus&args=
Stack Trace:
#0 /var/www/app/webroot/index.php(108): Dispatcher->dispatch(Object(CakeRequest), Object(CakeResponse))
#1 {main}
2014-04-03 10:04:08 Error: [MissingControllerException] Controller class ManagerController could not be found.
Exception Attributes: array (
  'class' => 'ManagerController',
  'plugin' => NULL,
)
Request URL: /manager/html?q=%2Fapp%2Fwebroot%2Fmanager%2Fhtml&args=
Stack Trace:
#0 /var/www/app/webroot/index.php(108): Dispatcher->dispatch(Object(CakeRequest), Object(CakeResponse))
#1 {main}
2014-04-03 10:48:25 Error: [MissingControllerException] Controller class Cgi-binController could not be found.
Exception Attributes: array (
  'class' => 'Cgi-binController',
  'plugin' => NULL,
)
Request URL: /cgi-bin/php?q=%2Fapp%2Fwebroot%2Fcgi-bin%2Fphp&args=
Stack Trace:
#0 /var/www/app/webroot/index.php(108): Dispatcher->dispatch(Object(CakeRequest), Object(CakeResponse))
#1 {main}
2014-04-03 10:48:26 Error: [MissingControllerException] Controller class Cgi-binController could not be found.
Exception Attributes: array (
  'class' => 'Cgi-binController',
  'plugin' => NULL,
)
Request URL: /cgi-bin/php5?q=%2Fapp%2Fwebroot%2Fcgi-bin%2Fphp5&args=
Stack Trace:
#0 /var/www/app/webroot/index.php(108): Dispatcher->dispatch(Object(CakeRequest), Object(CakeResponse))
#1 {main}
2014-04-03 10:48:26 Error: [MissingControllerException] Controller class Cgi-binController could not be found.
Exception Attributes: array (
  'class' => 'Cgi-binController',
  'plugin' => NULL,
)
Request URL: /cgi-bin/php-cgi?q=%2Fapp%2Fwebroot%2Fcgi-bin%2Fphp-cgi&args=
Stack Trace:
#0 /var/www/app/webroot/index.php(108): Dispatcher->dispatch(Object(CakeRequest), Object(CakeResponse))
#1 {main}
2014-04-03 10:48:26 Error: [MissingControllerException] Controller class Cgi-binController could not be found.
Exception Attributes: array (
  'class' => 'Cgi-binController',
  'plugin' => NULL,
)
Request URL: /cgi-bin/php.cgi?q=%2Fapp%2Fwebroot%2Fcgi-bin%2Fphp.cgi&args=
Stack Trace:
#0 /var/www/app/webroot/index.php(108): Dispatcher->dispatch(Object(CakeRequest), Object(CakeResponse))
#1 {main}
2014-04-03 10:48:26 Error: [MissingControllerException] Controller class Cgi-binController could not be found.
Exception Attributes: array (
  'class' => 'Cgi-binController',
  'plugin' => NULL,
)
Request URL: /cgi-bin/php4?q=%2Fapp%2Fwebroot%2Fcgi-bin%2Fphp4&args=
Stack Trace:
#0 /var/www/app/webroot/index.php(108): Dispatcher->dispatch(Object(CakeRequest), Object(CakeResponse))
#1 {main}
2014-04-03 15:36:42 Error: [MissingControllerException] Controller class ManagerController could not be found.
Exception Attributes: array (
  'class' => 'ManagerController',
  'plugin' => NULL,
)
Request URL: /manager/status?q=%2Fapp%2Fwebroot%2Fmanager%2Fstatus&args=
Stack Trace:
#0 /var/www/app/webroot/index.php(108): Dispatcher->dispatch(Object(CakeRequest), Object(CakeResponse))
#1 {main}
2014-04-03 18:06:58 Error: [MissingControllerException] Controller class MuieblackcatController could not be found.
Exception Attributes: array (
  'class' => 'MuieblackcatController',
  'plugin' => NULL,
)
Request URL: /muieblackcat?q=%2Fapp%2Fwebroot%2Fmuieblackcat&args=
Stack Trace:
#0 /var/www/app/webroot/index.php(108): Dispatcher->dispatch(Object(CakeRequest), Object(CakeResponse))
#1 {main}
2014-04-04 04:04:53 Error: [MissingControllerException] Controller class Cgi-binController could not be found.
Exception Attributes: array (
  'class' => 'Cgi-binController',
  'plugin' => NULL,
)
Request URL: //%63%67%69%2D%62%69%6E/%70%68%70?q=%2Fapp%2Fwebroot%2Fcgi-bin%2Fphp&args=
Stack Trace:
#0 /var/www/app/webroot/index.php(108): Dispatcher->dispatch(Object(CakeRequest), Object(CakeResponse))
#1 {main}
2014-04-04 06:20:18 Error: [MissingControllerException] Controller class ManagerController could not be found.
Exception Attributes: array (
  'class' => 'ManagerController',
  'plugin' => NULL,
)
Request URL: /manager/html?q=%2Fapp%2Fwebroot%2Fmanager%2Fhtml&args=
Stack Trace:
#0 /var/www/app/webroot/index.php(108): Dispatcher->dispatch(Object(CakeRequest), Object(CakeResponse))
#1 {main}
2014-04-05 13:56:03 Error: [MissingControllerException] Controller class PmaController could not be found.
Exception Attributes: array (
  'class' => 'PmaController',
  'plugin' => NULL,
)
Request URL: /pma?q=%2Fapp%2Fwebroot%2Fpma&args=
Stack Trace:
#0 /var/www/app/webroot/index.php(108): Dispatcher->dispatch(Object(CakeRequest), Object(CakeResponse))
#1 {main}
2014-04-05 14:38:35 Error: [MissingControllerException] Controller class PmaController could not be found.
Exception Attributes: array (
  'class' => 'PmaController',
  'plugin' => NULL,
)
Request URL: /pma?q=%2Fapp%2Fwebroot%2Fpma&args=
Stack Trace:
#0 /var/www/app/webroot/index.php(108): Dispatcher->dispatch(Object(CakeRequest), Object(CakeResponse))
#1 {main}
2014-04-05 14:39:21 Error: [MissingControllerException] Controller class PmaController could not be found.
Exception Attributes: array (
  'class' => 'PmaController',
  'plugin' => NULL,
)
Request URL: /pma?q=%2Fapp%2Fwebroot%2Fpma&args=
Stack Trace:
#0 /var/www/app/webroot/index.php(108): Dispatcher->dispatch(Object(CakeRequest), Object(CakeResponse))
#1 {main}
2014-05-14 20:37:32 Error: [MissingPluginException] Plugin DebugKit could not be found.
Exception Attributes: array (
  'plugin' => 'DebugKit',
)
Stack Trace:
#0 /var/www/app/Config/bootstrap.php(69): CakePlugin::load('DebugKit')
#1 /var/www/lib/Cake/Core/Configure.php(92): include('/var/www/app/Co...')
#2 /var/www/lib/Cake/bootstrap.php(175): Configure::bootstrap(true)
#3 /var/www/app/webroot/index.php(94): include('/var/www/lib/Ca...')
#4 /var/www/index.php(41): require('/var/www/app/we...')
#5 {main}
2014-05-14 20:40:20 Error: [MissingPluginException] Plugin DebugKit could not be found.
Exception Attributes: array (
  'plugin' => 'DebugKit',
)
Stack Trace:
#0 /var/www/app/Config/bootstrap.php(69): CakePlugin::load('DebugKit')
#1 /var/www/lib/Cake/Core/Configure.php(92): include('/var/www/app/Co...')
#2 /var/www/lib/Cake/bootstrap.php(175): Configure::bootstrap(true)
#3 /var/www/app/webroot/index.php(90): include('/var/www/lib/Ca...')
#4 {main}
2014-05-14 21:25:37 Error: [PDOException] SQLSTATE[42000]: Syntax error or access violation: 1305 FUNCTION brain_db.CALCULATE_DISTANCEE does not exist
Request URL: /planner/
Stack Trace:
#0 /var/www/lib/Cake/Model/Datasource/DboSource.php(458): PDOStatement->execute(Array)
#1 /var/www/lib/Cake/Model/Datasource/DboSource.php(424): DboSource->_execute('SELECT `Stop`.`...', Array)
#2 /var/www/lib/Cake/Model/Datasource/DboSource.php(665): DboSource->execute('SELECT `Stop`.`...', Array, Array)
#3 /var/www/lib/Cake/Model/Datasource/DboSource.php(1077): DboSource->fetchAll('SELECT `Stop`.`...', false)
#4 /var/www/lib/Cake/Model/Model.php(2903): DboSource->read(Object(Stop), Array)
#5 /var/www/lib/Cake/Model/Model.php(2875): Model->_readDataSource('first', Array)
#6 /var/www/app/Controller/PlannerController.php(28): Model->find('first', Array)
#7 [internal function]: PlannerController->index()
#8 /var/www/lib/Cake/Controller/Controller.php(490): ReflectionMethod->invokeArgs(Object(PlannerController), Array)
#9 /var/www/lib/Cake/Routing/Dispatcher.php(185): Controller->invokeAction(Object(CakeRequest))
#10 /var/www/lib/Cake/Routing/Dispatcher.php(160): Dispatcher->_invoke(Object(PlannerController), Object(CakeRequest), Object(CakeResponse))
#11 /var/www/app/webroot/index.php(108): Dispatcher->dispatch(Object(CakeRequest), Object(CakeResponse))
#12 {main}
2014-05-14 21:27:29 Error: [MissingControllerException] Controller class GalleryController could not be found.
Exception Attributes: array (
  'class' => 'GalleryController',
  'plugin' => NULL,
)
Request URL: /Gallery/
Stack Trace:
#0 /var/www/app/webroot/index.php(108): Dispatcher->dispatch(Object(CakeRequest), Object(CakeResponse))
#1 {main}
2014-05-14 21:33:58 Error: [MissingControllerException] Controller class RobotsController could not be found.
Exception Attributes: array (
  'class' => 'RobotsController',
  'plugin' => NULL,
)
Request URL: /robots.txt
Stack Trace:
#0 /var/www/app/webroot/index.php(108): Dispatcher->dispatch(Object(CakeRequest), Object(CakeResponse))
#1 {main}
2014-05-14 21:33:58 Error: [MissingControllerException] Controller class ItemController could not be found.
Exception Attributes: array (
  'class' => 'ItemController',
  'plugin' => NULL,
)
Request URL: /item/2/16855
Stack Trace:
#0 /var/www/app/webroot/index.php(108): Dispatcher->dispatch(Object(CakeRequest), Object(CakeResponse))
#1 {main}
2014-05-14 21:34:10 Error: [MissingControllerException] Controller class RobotsController could not be found.
Exception Attributes: array (
  'class' => 'RobotsController',
  'plugin' => NULL,
)
Request URL: /robots.txt
Stack Trace:
#0 /var/www/app/webroot/index.php(108): Dispatcher->dispatch(Object(CakeRequest), Object(CakeResponse))
#1 {main}
2014-05-14 21:36:38 Error: [MissingControllerException] Controller class RegisterController could not be found.
Exception Attributes: array (
  'class' => 'RegisterController',
  'plugin' => NULL,
)
Request URL: /register
Stack Trace:
#0 /var/www/app/webroot/index.php(108): Dispatcher->dispatch(Object(CakeRequest), Object(CakeResponse))
#1 {main}
2014-05-14 21:47:22 Error: [MissingControllerException] Controller class ItemController could not be found.
Exception Attributes: array (
  'class' => 'ItemController',
  'plugin' => NULL,
)
Request URL: /item/2/16860
Stack Trace:
#0 /var/www/app/webroot/index.php(108): Dispatcher->dispatch(Object(CakeRequest), Object(CakeResponse))
#1 {main}
2014-05-14 21:58:24 Error: [MissingControllerException] Controller class ItemController could not be found.
Exception Attributes: array (
  'class' => 'ItemController',
  'plugin' => NULL,
)
Request URL: /item/1/20838
Stack Trace:
#0 /var/www/app/webroot/index.php(108): Dispatcher->dispatch(Object(CakeRequest), Object(CakeResponse))
#1 {main}
2014-05-14 21:59:38 Error: [MissingControllerException] Controller class ItemController could not be found.
Exception Attributes: array (
  'class' => 'ItemController',
  'plugin' => NULL,
)
Request URL: /item/2/28063
Stack Trace:
#0 /var/www/app/webroot/index.php(108): Dispatcher->dispatch(Object(CakeRequest), Object(CakeResponse))
#1 {main}
2014-05-14 22:12:03 Error: [MissingControllerException] Controller class ItemController could not be found.
Exception Attributes: array (
  'class' => 'ItemController',
  'plugin' => NULL,
)
Request URL: /item/2/16866
Stack Trace:
#0 /var/www/app/webroot/index.php(108): Dispatcher->dispatch(Object(CakeRequest), Object(CakeResponse))
#1 {main}
2014-05-14 22:24:32 Error: [MissingControllerException] Controller class ItemController could not be found.
Exception Attributes: array (
  'class' => 'ItemController',
  'plugin' => NULL,
)
Request URL: /item/2/21134
Stack Trace:
#0 /var/www/app/webroot/index.php(108): Dispatcher->dispatch(Object(CakeRequest), Object(CakeResponse))
#1 {main}
2014-05-14 22:37:08 Error: [MissingControllerException] Controller class CharacterController could not be found.
Exception Attributes: array (
  'class' => 'CharacterController',
  'plugin' => NULL,
)
Request URL: /character/2/Grand
Stack Trace:
#0 /var/www/app/webroot/index.php(108): Dispatcher->dispatch(Object(CakeRequest), Object(CakeResponse))
#1 {main}
2014-05-14 22:48:40 Error: [MissingControllerException] Controller class ProfileController could not be found.
Exception Attributes: array (
  'class' => 'ProfileController',
  'plugin' => NULL,
)
Request URL: /profile/336
Stack Trace:
#0 /var/www/app/webroot/index.php(108): Dispatcher->dispatch(Object(CakeRequest), Object(CakeResponse))
#1 {main}
2014-05-14 23:01:53 Error: [MissingControllerException] Controller class ItemController could not be found.
Exception Attributes: array (
  'class' => 'ItemController',
  'plugin' => NULL,
)
Request URL: /item/1/25034
Stack Trace:
#0 /var/www/app/webroot/index.php(108): Dispatcher->dispatch(Object(CakeRequest), Object(CakeResponse))
#1 {main}
2014-05-14 23:06:45 Error: [PDOException] SQLSTATE[42000]: Syntax error or access violation: 1305 FUNCTION brain_db.CALCULATE_DISTANCEE does not exist
Request URL: /Planner/NearestStations/21.260340/-157.818079.xml
Stack Trace:
#0 /var/www/lib/Cake/Model/Datasource/DboSource.php(458): PDOStatement->execute(Array)
#1 /var/www/lib/Cake/Model/Datasource/DboSource.php(424): DboSource->_execute('SELECT `Stop`.`...', Array)
#2 /var/www/lib/Cake/Model/Datasource/DboSource.php(665): DboSource->execute('SELECT `Stop`.`...', Array, Array)
#3 /var/www/lib/Cake/Model/Datasource/DboSource.php(1077): DboSource->fetchAll('SELECT `Stop`.`...', false)
#4 /var/www/lib/Cake/Model/Model.php(2903): DboSource->read(Object(Stop), Array)
#5 /var/www/lib/Cake/Model/Model.php(2875): Model->_readDataSource('all', Array)
#6 /var/www/app/Controller/PlannerController.php(94): Model->find('all', Array)
#7 [internal function]: PlannerController->NearestStations('21.260340', '-157.818079')
#8 /var/www/lib/Cake/Controller/Controller.php(490): ReflectionMethod->invokeArgs(Object(PlannerController), Array)
#9 /var/www/lib/Cake/Routing/Dispatcher.php(185): Controller->invokeAction(Object(CakeRequest))
#10 /var/www/lib/Cake/Routing/Dispatcher.php(160): Dispatcher->_invoke(Object(PlannerController), Object(CakeRequest), Object(CakeResponse))
#11 /var/www/app/webroot/index.php(108): Dispatcher->dispatch(Object(CakeRequest), Object(CakeResponse))
#12 {main}
2014-05-14 23:06:52 Error: [PDOException] SQLSTATE[42000]: Syntax error or access violation: 1305 FUNCTION brain_db.CALCULATE_DISTANCEE does not exist
Request URL: /Planner/
Stack Trace:
#0 /var/www/lib/Cake/Model/Datasource/DboSource.php(458): PDOStatement->execute(Array)
#1 /var/www/lib/Cake/Model/Datasource/DboSource.php(424): DboSource->_execute('SELECT `Stop`.`...', Array)
#2 /var/www/lib/Cake/Model/Datasource/DboSource.php(665): DboSource->execute('SELECT `Stop`.`...', Array, Array)
#3 /var/www/lib/Cake/Model/Datasource/DboSource.php(1077): DboSource->fetchAll('SELECT `Stop`.`...', false)
#4 /var/www/lib/Cake/Model/Model.php(2903): DboSource->read(Object(Stop), Array)
#5 /var/www/lib/Cake/Model/Model.php(2875): Model->_readDataSource('first', Array)
#6 /var/www/app/Controller/PlannerController.php(28): Model->find('first', Array)
#7 [internal function]: PlannerController->index()
#8 /var/www/lib/Cake/Controller/Controller.php(490): ReflectionMethod->invokeArgs(Object(PlannerController), Array)
#9 /var/www/lib/Cake/Routing/Dispatcher.php(185): Controller->invokeAction(Object(CakeRequest))
#10 /var/www/lib/Cake/Routing/Dispatcher.php(160): Dispatcher->_invoke(Object(PlannerController), Object(CakeRequest), Object(CakeResponse))
#11 /var/www/app/webroot/index.php(108): Dispatcher->dispatch(Object(CakeRequest), Object(CakeResponse))
#12 {main}
2014-05-14 23:14:06 Error: [MissingControllerException] Controller class ItemController could not be found.
Exception Attributes: array (
  'class' => 'ItemController',
  'plugin' => NULL,
)
Request URL: /item/1/25047
Stack Trace:
#0 /var/www/app/webroot/index.php(108): Dispatcher->dispatch(Object(CakeRequest), Object(CakeResponse))
#1 {main}
2014-05-14 23:16:30 Error: [MissingControllerException] Controller class ForumController could not be found.
Exception Attributes: array (
  'class' => 'ForumController',
  'plugin' => NULL,
)
Request URL: /forum/
Stack Trace:
#0 /var/www/app/webroot/index.php(108): Dispatcher->dispatch(Object(CakeRequest), Object(CakeResponse))
#1 {main}
2014-05-14 23:22:03 Error: [MissingControllerException] Controller class RobotsController could not be found.
Exception Attributes: array (
  'class' => 'RobotsController',
  'plugin' => NULL,
)
Request URL: /robots.txt
Stack Trace:
#0 /var/www/app/webroot/index.php(108): Dispatcher->dispatch(Object(CakeRequest), Object(CakeResponse))
#1 {main}
2014-05-14 23:26:25 Error: [MissingControllerException] Controller class ProfileController could not be found.
Exception Attributes: array (
  'class' => 'ProfileController',
  'plugin' => NULL,
)
Request URL: /profile/363
Stack Trace:
#0 /var/www/app/webroot/index.php(108): Dispatcher->dispatch(Object(CakeRequest), Object(CakeResponse))
#1 {main}
2014-05-14 23:26:48 Error: [MissingControllerException] Controller class CharacterController could not be found.
Exception Attributes: array (
  'class' => 'CharacterController',
  'plugin' => NULL,
)
Request URL: /character/2/1670
Stack Trace:
#0 /var/www/app/webroot/index.php(108): Dispatcher->dispatch(Object(CakeRequest), Object(CakeResponse))
#1 {main}
2014-05-14 23:29:58 Error: [MissingControllerException] Controller class RobotsController could not be found.
Exception Attributes: array (
  'class' => 'RobotsController',
  'plugin' => NULL,
)
Request URL: /robots.txt
Stack Trace:
#0 /var/www/app/webroot/index.php(108): Dispatcher->dispatch(Object(CakeRequest), Object(CakeResponse))
#1 {main}
2014-05-14 23:29:58 Error: [MissingControllerException] Controller class NewsController could not be found.
Exception Attributes: array (
  'class' => 'NewsController',
  'plugin' => NULL,
)
Request URL: /news
Stack Trace:
#0 /var/www/app/webroot/index.php(108): Dispatcher->dispatch(Object(CakeRequest), Object(CakeResponse))
#1 {main}
2014-05-14 23:38:51 Error: [MissingControllerException] Controller class ItemController could not be found.
Exception Attributes: array (
  'class' => 'ItemController',
  'plugin' => NULL,
)
Request URL: /item/1/20981
Stack Trace:
#0 /var/www/app/webroot/index.php(108): Dispatcher->dispatch(Object(CakeRequest), Object(CakeResponse))
#1 {main}
2014-05-14 23:51:29 Error: [MissingControllerException] Controller class ItemController could not be found.
Exception Attributes: array (
  'class' => 'ItemController',
  'plugin' => NULL,
)
Request URL: /item/1/2973
Stack Trace:
#0 /var/www/app/webroot/index.php(108): Dispatcher->dispatch(Object(CakeRequest), Object(CakeResponse))
#1 {main}
2014-05-14 23:52:05 Error: [MissingControllerException] Controller class RegisterController could not be found.
Exception Attributes: array (
  'class' => 'RegisterController',
  'plugin' => NULL,
)
Request URL: /register
Stack Trace:
#0 /var/www/app/webroot/index.php(108): Dispatcher->dispatch(Object(CakeRequest), Object(CakeResponse))
#1 {main}
2014-05-15 00:04:01 Error: [MissingControllerException] Controller class ProfileController could not be found.
Exception Attributes: array (
  'class' => 'ProfileController',
  'plugin' => NULL,
)
Request URL: /profile/381
Stack Trace:
#0 /var/www/app/webroot/index.php(108): Dispatcher->dispatch(Object(CakeRequest), Object(CakeResponse))
#1 {main}
2014-05-15 00:15:24 Error: [MissingControllerException] Controller class ProfileController could not be found.
Exception Attributes: array (
  'class' => 'ProfileController',
  'plugin' => NULL,
)
Request URL: /profile/385
Stack Trace:
#0 /var/www/app/webroot/index.php(108): Dispatcher->dispatch(Object(CakeRequest), Object(CakeResponse))
#1 {main}
2014-05-15 00:29:03 Error: [MissingControllerException] Controller class CharacterController could not be found.
Exception Attributes: array (
  'class' => 'CharacterController',
  'plugin' => NULL,
)
Request URL: /character/2/569
Stack Trace:
#0 /var/www/app/webroot/index.php(108): Dispatcher->dispatch(Object(CakeRequest), Object(CakeResponse))
#1 {main}
2014-05-15 00:40:49 Error: [MissingControllerException] Controller class CharacterController could not be found.
Exception Attributes: array (
  'class' => 'CharacterController',
  'plugin' => NULL,
)
Request URL: /character/2/384
Stack Trace:
#0 /var/www/app/webroot/index.php(108): Dispatcher->dispatch(Object(CakeRequest), Object(CakeResponse))
#1 {main}
2014-05-15 00:53:44 Error: [MissingControllerException] Controller class RobotsController could not be found.
Exception Attributes: array (
  'class' => 'RobotsController',
  'plugin' => NULL,
)
Request URL: /robots.txt
Stack Trace:
#0 /var/www/app/webroot/index.php(108): Dispatcher->dispatch(Object(CakeRequest), Object(CakeResponse))
#1 {main}
2014-05-15 00:53:44 Error: [MissingControllerException] Controller class CharacterController could not be found.
Exception Attributes: array (
  'class' => 'CharacterController',
  'plugin' => NULL,
)
Request URL: /character/2/Sue
Stack Trace:
#0 /var/www/app/webroot/index.php(108): Dispatcher->dispatch(Object(CakeRequest), Object(CakeResponse))
#1 {main}
2014-05-15 01:05:00 Error: [MissingControllerException] Controller class CharacterController could not be found.
Exception Attributes: array (
  'class' => 'CharacterController',
  'plugin' => NULL,
)
Request URL: /character/2/Pocketheals
Stack Trace:
#0 /var/www/app/webroot/index.php(108): Dispatcher->dispatch(Object(CakeRequest), Object(CakeResponse))
#1 {main}
2014-05-15 01:11:46 Error: [MissingControllerException] Controller class RecruitafriendController could not be found.
Exception Attributes: array (
  'class' => 'RecruitafriendController',
  'plugin' => NULL,
)
Request URL: /recruitafriend
Stack Trace:
#0 /var/www/app/webroot/index.php(108): Dispatcher->dispatch(Object(CakeRequest), Object(CakeResponse))
#1 {main}
2014-05-15 01:17:25 Error: [MissingControllerException] Controller class CharacterController could not be found.
Exception Attributes: array (
  'class' => 'CharacterController',
  'plugin' => NULL,
)
Request URL: /character/2/Shadowz
Stack Trace:
#0 /var/www/app/webroot/index.php(108): Dispatcher->dispatch(Object(CakeRequest), Object(CakeResponse))
#1 {main}
2014-05-15 01:29:50 Error: [MissingControllerException] Controller class CharacterController could not be found.
Exception Attributes: array (
  'class' => 'CharacterController',
  'plugin' => NULL,
)
Request URL: /character/2/278
Stack Trace:
#0 /var/www/app/webroot/index.php(108): Dispatcher->dispatch(Object(CakeRequest), Object(CakeResponse))
#1 {main}
2014-05-15 01:42:14 Error: [MissingControllerException] Controller class CharacterController could not be found.
Exception Attributes: array (
  'class' => 'CharacterController',
  'plugin' => NULL,
)
Request URL: /character/2/617
Stack Trace:
#0 /var/www/app/webroot/index.php(108): Dispatcher->dispatch(Object(CakeRequest), Object(CakeResponse))
#1 {main}
2014-05-15 01:46:07 Error: [MissingControllerException] Controller class ForumController could not be found.
Exception Attributes: array (
  'class' => 'ForumController',
  'plugin' => NULL,
)
Request URL: /forum/
Stack Trace:
#0 /var/www/app/webroot/index.php(108): Dispatcher->dispatch(Object(CakeRequest), Object(CakeResponse))
#1 {main}
2014-05-15 01:47:52 Error: [MissingControllerException] Controller class CharacterController could not be found.
Exception Attributes: array (
  'class' => 'CharacterController',
  'plugin' => NULL,
)
Request URL: /character/2/1624
Stack Trace:
#0 /var/www/app/webroot/index.php(108): Dispatcher->dispatch(Object(CakeRequest), Object(CakeResponse))
#1 {main}
2014-05-15 01:54:39 Error: [MissingControllerException] Controller class CharacterController could not be found.
Exception Attributes: array (
  'class' => 'CharacterController',
  'plugin' => NULL,
)
Request URL: /character/2/Thinkagain
Stack Trace:
#0 /var/www/app/webroot/index.php(108): Dispatcher->dispatch(Object(CakeRequest), Object(CakeResponse))
#1 {main}
2014-05-15 02:07:04 Error: [MissingControllerException] Controller class GalleryController could not be found.
Exception Attributes: array (
  'class' => 'GalleryController',
  'plugin' => NULL,
)
Request URL: /Gallery/PS/
Stack Trace:
#0 /var/www/app/webroot/index.php(108): Dispatcher->dispatch(Object(CakeRequest), Object(CakeResponse))
#1 {main}
2014-05-15 02:19:29 Error: [MissingControllerException] Controller class CharacterController could not be found.
Exception Attributes: array (
  'class' => 'CharacterController',
  'plugin' => NULL,
)
Request URL: /character/2/346
Stack Trace:
#0 /var/www/app/webroot/index.php(108): Dispatcher->dispatch(Object(CakeRequest), Object(CakeResponse))
#1 {main}
2014-05-15 02:52:31 Error: [MissingControllerException] Controller class CharacterController could not be found.
Exception Attributes: array (
  'class' => 'CharacterController',
  'plugin' => NULL,
)
Request URL: /character/1/Shamzor
Stack Trace:
#0 /var/www/app/webroot/index.php(108): Dispatcher->dispatch(Object(CakeRequest), Object(CakeResponse))
#1 {main}
2014-05-15 03:49:15 Error: [MissingControllerException] Controller class CharacterController could not be found.
Exception Attributes: array (
  'class' => 'CharacterController',
  'plugin' => NULL,
)
Request URL: /character/1/Alextrasza
Stack Trace:
#0 /var/www/app/webroot/index.php(108): Dispatcher->dispatch(Object(CakeRequest), Object(CakeResponse))
#1 {main}
2014-05-15 04:50:11 Error: [MissingControllerException] Controller class RobotsController could not be found.
Exception Attributes: array (
  'class' => 'RobotsController',
  'plugin' => NULL,
)
Request URL: /robots.txt
Stack Trace:
#0 /var/www/app/webroot/index.php(108): Dispatcher->dispatch(Object(CakeRequest), Object(CakeResponse))
#1 {main}
2014-05-15 05:15:03 Error: [MissingControllerException] Controller class MuieblackcatController could not be found.
Exception Attributes: array (
  'class' => 'MuieblackcatController',
  'plugin' => NULL,
)
Request URL: /muieblackcat
Stack Trace:
#0 /var/www/app/webroot/index.php(108): Dispatcher->dispatch(Object(CakeRequest), Object(CakeResponse))
#1 {main}
2014-05-15 05:41:20 Error: [MissingControllerException] Controller class RobotsController could not be found.
Exception Attributes: array (
  'class' => 'RobotsController',
  'plugin' => NULL,
)
Request URL: /robots.txt
Stack Trace:
#0 /var/www/app/webroot/index.php(108): Dispatcher->dispatch(Object(CakeRequest), Object(CakeResponse))
#1 {main}
2014-05-15 05:58:26 Error: [MissingControllerException] Controller class GuildController could not be found.
Exception Attributes: array (
  'class' => 'GuildController',
  'plugin' => NULL,
)
Request URL: /guild/1/42
Stack Trace:
#0 /var/www/app/webroot/index.php(108): Dispatcher->dispatch(Object(CakeRequest), Object(CakeResponse))
#1 {main}
2014-05-15 06:02:30 Error: [MissingControllerException] Controller class CharacterController could not be found.
Exception Attributes: array (
  'class' => 'CharacterController',
  'plugin' => NULL,
)
Request URL: /character/2/Torquewrench
Stack Trace:
#0 /var/www/app/webroot/index.php(108): Dispatcher->dispatch(Object(CakeRequest), Object(CakeResponse))
#1 {main}
2014-05-15 06:12:40 Error: [MissingControllerException] Controller class CharacterController could not be found.
Exception Attributes: array (
  'class' => 'CharacterController',
  'plugin' => NULL,
)
Request URL: /character/2/Sux
Stack Trace:
#0 /var/www/app/webroot/index.php(108): Dispatcher->dispatch(Object(CakeRequest), Object(CakeResponse))
#1 {main}
2014-05-15 06:25:05 Error: [MissingControllerException] Controller class ItemController could not be found.
Exception Attributes: array (
  'class' => 'ItemController',
  'plugin' => NULL,
)
Request URL: /item/1/7369
Stack Trace:
#0 /var/www/app/webroot/index.php(108): Dispatcher->dispatch(Object(CakeRequest), Object(CakeResponse))
#1 {main}
2014-05-15 06:37:30 Error: [MissingControllerException] Controller class ItemController could not be found.
Exception Attributes: array (
  'class' => 'ItemController',
  'plugin' => NULL,
)
Request URL: /item/1/1499
Stack Trace:
#0 /var/www/app/webroot/index.php(108): Dispatcher->dispatch(Object(CakeRequest), Object(CakeResponse))
#1 {main}
2014-05-15 06:49:54 Error: [MissingControllerException] Controller class GuildController could not be found.
Exception Attributes: array (
  'class' => 'GuildController',
  'plugin' => NULL,
)
Request URL: /guild/1/37
Stack Trace:
#0 /var/www/app/webroot/index.php(108): Dispatcher->dispatch(Object(CakeRequest), Object(CakeResponse))
#1 {main}
2014-05-15 07:02:19 Error: [MissingControllerException] Controller class ItemController could not be found.
Exception Attributes: array (
  'class' => 'ItemController',
  'plugin' => NULL,
)
Request URL: /item/1/2169
Stack Trace:
#0 /var/www/app/webroot/index.php(108): Dispatcher->dispatch(Object(CakeRequest), Object(CakeResponse))
#1 {main}
2014-05-15 07:14:07 Error: [MissingControllerException] Controller class RobotsController could not be found.
Exception Attributes: array (
  'class' => 'RobotsController',
  'plugin' => NULL,
)
Request URL: /robots.txt
Stack Trace:
#0 /var/www/app/webroot/index.php(108): Dispatcher->dispatch(Object(CakeRequest), Object(CakeResponse))
#1 {main}
2014-05-15 07:14:44 Error: [MissingControllerException] Controller class ApplicationController could not be found.
Exception Attributes: array (
  'class' => 'ApplicationController',
  'plugin' => NULL,
)
Request URL: /application/themes/default/views/
Stack Trace:
#0 /var/www/app/webroot/index.php(108): Dispatcher->dispatch(Object(CakeRequest), Object(CakeResponse))
#1 {main}
2014-05-15 07:16:26 Error: [MissingControllerException] Controller class GalleryController could not be found.
Exception Attributes: array (
  'class' => 'GalleryController',
  'plugin' => NULL,
)
Request URL: /Gallery/
Stack Trace:
#0 /var/www/app/webroot/index.php(108): Dispatcher->dispatch(Object(CakeRequest), Object(CakeResponse))
#1 {main}
2014-05-15 07:28:20 Error: [MissingControllerException] Controller class RobotsController could not be found.
Exception Attributes: array (
  'class' => 'RobotsController',
  'plugin' => NULL,
)
Request URL: /robots.txt
Stack Trace:
#0 /var/www/app/webroot/index.php(108): Dispatcher->dispatch(Object(CakeRequest), Object(CakeResponse))
#1 {main}
2014-05-15 07:36:49 Error: [MissingControllerException] Controller class ForumController could not be found.
Exception Attributes: array (
  'class' => 'ForumController',
  'plugin' => NULL,
)
Request URL: /forum/
Stack Trace:
#0 /var/www/app/webroot/index.php(108): Dispatcher->dispatch(Object(CakeRequest), Object(CakeResponse))
#1 {main}
2014-05-15 07:39:34 Error: [MissingControllerException] Controller class ProfileController could not be found.
Exception Attributes: array (
  'class' => 'ProfileController',
  'plugin' => NULL,
)
Request URL: /profile/506
Stack Trace:
#0 /var/www/app/webroot/index.php(108): Dispatcher->dispatch(Object(CakeRequest), Object(CakeResponse))
#1 {main}
2014-05-15 07:44:15 Error: [MissingControllerException] Controller class ItemController could not be found.
Exception Attributes: array (
  'class' => 'ItemController',
  'plugin' => NULL,
)
Request URL: /item/1/31069
Stack Trace:
#0 /var/www/app/webroot/index.php(108): Dispatcher->dispatch(Object(CakeRequest), Object(CakeResponse))
#1 {main}
2014-05-15 07:51:59 Error: [MissingControllerException] Controller class ItemController could not be found.
Exception Attributes: array (
  'class' => 'ItemController',
  'plugin' => NULL,
)
Request URL: /item/1/29016
Stack Trace:
#0 /var/www/app/webroot/index.php(108): Dispatcher->dispatch(Object(CakeRequest), Object(CakeResponse))
#1 {main}
2014-05-15 07:57:37 Error: [MissingControllerException] Controller class CharacterController could not be found.
Exception Attributes: array (
  'class' => 'CharacterController',
  'plugin' => NULL,
)
Request URL: /character/1/Fullspeedsex
Stack Trace:
#0 /var/www/app/webroot/index.php(108): Dispatcher->dispatch(Object(CakeRequest), Object(CakeResponse))
#1 {main}
2014-05-15 07:59:15 Error: [MissingControllerException] Controller class CharacterController could not be found.
Exception Attributes: array (
  'class' => 'CharacterController',
  'plugin' => NULL,
)
Request URL: /character/1/Pinnen
Stack Trace:
#0 /var/www/app/webroot/index.php(108): Dispatcher->dispatch(Object(CakeRequest), Object(CakeResponse))
#1 {main}
2014-05-15 08:04:23 Error: [MissingControllerException] Controller class ProfileController could not be found.
Exception Attributes: array (
  'class' => 'ProfileController',
  'plugin' => NULL,
)
Request URL: /profile/524
Stack Trace:
#0 /var/www/app/webroot/index.php(108): Dispatcher->dispatch(Object(CakeRequest), Object(CakeResponse))
#1 {main}
2014-05-15 08:11:01 Error: [MissingControllerException] Controller class ForumController could not be found.
Exception Attributes: array (
  'class' => 'ForumController',
  'plugin' => NULL,
)
Request URL: /forum/
Stack Trace:
#0 /var/www/app/webroot/index.php(108): Dispatcher->dispatch(Object(CakeRequest), Object(CakeResponse))
#1 {main}
2014-05-15 08:16:48 Error: [MissingControllerException] Controller class ItemController could not be found.
Exception Attributes: array (
  'class' => 'ItemController',
  'plugin' => NULL,
)
Request URL: /item/1/27519
Stack Trace:
#0 /var/www/app/webroot/index.php(108): Dispatcher->dispatch(Object(CakeRequest), Object(CakeResponse))
#1 {main}
2014-05-15 08:29:13 Error: [MissingControllerException] Controller class ItemController could not be found.
Exception Attributes: array (
  'class' => 'ItemController',
  'plugin' => NULL,
)
Request URL: /item/1/29015
Stack Trace:
#0 /var/www/app/webroot/index.php(108): Dispatcher->dispatch(Object(CakeRequest), Object(CakeResponse))
#1 {main}
2014-05-15 08:41:38 Error: [MissingControllerException] Controller class ItemController could not be found.
Exception Attributes: array (
  'class' => 'ItemController',
  'plugin' => NULL,
)
Request URL: /item/1/27871
Stack Trace:
#0 /var/www/app/webroot/index.php(108): Dispatcher->dispatch(Object(CakeRequest), Object(CakeResponse))
#1 {main}
2014-05-15 08:54:03 Error: [MissingControllerException] Controller class CharacterController could not be found.
Exception Attributes: array (
  'class' => 'CharacterController',
  'plugin' => NULL,
)
Request URL: /character/1/300
Stack Trace:
#0 /var/www/app/webroot/index.php(108): Dispatcher->dispatch(Object(CakeRequest), Object(CakeResponse))
#1 {main}
2014-05-15 08:58:44 Error: [MissingControllerException] Controller class ItemController could not be found.
Exception Attributes: array (
  'class' => 'ItemController',
  'plugin' => NULL,
)
Request URL: /item/1/27531
Stack Trace:
#0 /var/www/app/webroot/index.php(108): Dispatcher->dispatch(Object(CakeRequest), Object(CakeResponse))
#1 {main}
2014-05-15 09:06:27 Error: [MissingControllerException] Controller class CharacterController could not be found.
Exception Attributes: array (
  'class' => 'CharacterController',
  'plugin' => NULL,
)
Request URL: /character/1/323
Stack Trace:
#0 /var/www/app/webroot/index.php(108): Dispatcher->dispatch(Object(CakeRequest), Object(CakeResponse))
#1 {main}
2014-05-15 09:18:52 Error: [MissingControllerException] Controller class CharacterController could not be found.
Exception Attributes: array (
  'class' => 'CharacterController',
  'plugin' => NULL,
)
Request URL: /character/1/454
Stack Trace:
#0 /var/www/app/webroot/index.php(108): Dispatcher->dispatch(Object(CakeRequest), Object(CakeResponse))
#1 {main}
2014-05-15 09:31:17 Error: [MissingControllerException] Controller class CharacterController could not be found.
Exception Attributes: array (
  'class' => 'CharacterController',
  'plugin' => NULL,
)
Request URL: /character/1/971
Stack Trace:
#0 /var/www/app/webroot/index.php(108): Dispatcher->dispatch(Object(CakeRequest), Object(CakeResponse))
#1 {main}
2014-05-15 10:59:30 Error: [MissingControllerException] Controller class ItemController could not be found.
Exception Attributes: array (
  'class' => 'ItemController',
  'plugin' => NULL,
)
Request URL: /item/1/33674
Stack Trace:
#0 /var/www/app/webroot/index.php(108): Dispatcher->dispatch(Object(CakeRequest), Object(CakeResponse))
#1 {main}
2014-05-15 11:22:03 Error: [MissingControllerException] Controller class RobotsController could not be found.
Exception Attributes: array (
  'class' => 'RobotsController',
  'plugin' => NULL,
)
Request URL: /robots.txt
Stack Trace:
#0 /var/www/app/webroot/index.php(108): Dispatcher->dispatch(Object(CakeRequest), Object(CakeResponse))
#1 {main}
2014-05-15 11:48:32 Error: [MissingControllerException] Controller class RobotsController could not be found.
Exception Attributes: array (
  'class' => 'RobotsController',
  'plugin' => NULL,
)
Request URL: /robots.txt
Stack Trace:
#0 /var/www/app/webroot/index.php(108): Dispatcher->dispatch(Object(CakeRequest), Object(CakeResponse))
#1 {main}
2014-05-15 11:49:13 Error: [MissingControllerException] Controller class RobotsController could not be found.
Exception Attributes: array (
  'class' => 'RobotsController',
  'plugin' => NULL,
)
Request URL: /robots.txt
Stack Trace:
#0 /var/www/app/webroot/index.php(108): Dispatcher->dispatch(Object(CakeRequest), Object(CakeResponse))
#1 {main}
2014-05-15 11:52:30 Error: [MissingControllerException] Controller class ProfileController could not be found.
Exception Attributes: array (
  'class' => 'ProfileController',
  'plugin' => NULL,
)
Request URL: /profile/310
Stack Trace:
#0 /var/www/app/webroot/index.php(108): Dispatcher->dispatch(Object(CakeRequest), Object(CakeResponse))
#1 {main}
2014-05-15 11:57:30 Error: [MissingControllerException] Controller class ItemController could not be found.
Exception Attributes: array (
  'class' => 'ItemController',
  'plugin' => NULL,
)
Request URL: /item/1/22490
Stack Trace:
#0 /var/www/app/webroot/index.php(108): Dispatcher->dispatch(Object(CakeRequest), Object(CakeResponse))
#1 {main}
2014-05-15 12:07:30 Error: [MissingControllerException] Controller class ItemController could not be found.
Exception Attributes: array (
  'class' => 'ItemController',
  'plugin' => NULL,
)
Request URL: /item/1/47
Stack Trace:
#0 /var/www/app/webroot/index.php(108): Dispatcher->dispatch(Object(CakeRequest), Object(CakeResponse))
#1 {main}
2014-05-15 12:08:57 Error: [PDOException] SQLSTATE[42000]: Syntax error or access violation: 1305 FUNCTION brain_db.CALCULATE_DISTANCEE does not exist
Request URL: /Planner/NearestStations/21.260340/-157.818079.xml
Stack Trace:
#0 /var/www/lib/Cake/Model/Datasource/DboSource.php(458): PDOStatement->execute(Array)
#1 /var/www/lib/Cake/Model/Datasource/DboSource.php(424): DboSource->_execute('SELECT `Stop`.`...', Array)
#2 /var/www/lib/Cake/Model/Datasource/DboSource.php(665): DboSource->execute('SELECT `Stop`.`...', Array, Array)
#3 /var/www/lib/Cake/Model/Datasource/DboSource.php(1077): DboSource->fetchAll('SELECT `Stop`.`...', false)
#4 /var/www/lib/Cake/Model/Model.php(2903): DboSource->read(Object(Stop), Array)
#5 /var/www/lib/Cake/Model/Model.php(2875): Model->_readDataSource('all', Array)
#6 /var/www/app/Controller/PlannerController.php(94): Model->find('all', Array)
#7 [internal function]: PlannerController->NearestStations('21.260340', '-157.818079')
#8 /var/www/lib/Cake/Controller/Controller.php(490): ReflectionMethod->invokeArgs(Object(PlannerController), Array)
#9 /var/www/lib/Cake/Routing/Dispatcher.php(185): Controller->invokeAction(Object(CakeRequest))
#10 /var/www/lib/Cake/Routing/Dispatcher.php(160): Dispatcher->_invoke(Object(PlannerController), Object(CakeRequest), Object(CakeResponse))
#11 /var/www/app/webroot/index.php(108): Dispatcher->dispatch(Object(CakeRequest), Object(CakeResponse))
#12 {main}
2014-05-15 12:17:10 Error: [MissingControllerException] Controller class RobotsController could not be found.
Exception Attributes: array (
  'class' => 'RobotsController',
  'plugin' => NULL,
)
Request URL: /robots.txt
Stack Trace:
#0 /var/www/app/webroot/index.php(108): Dispatcher->dispatch(Object(CakeRequest), Object(CakeResponse))
#1 {main}
2014-05-15 12:46:04 Error: [MissingControllerException] Controller class NewsController could not be found.
Exception Attributes: array (
  'class' => 'NewsController',
  'plugin' => NULL,
)
Request URL: /news/6
Stack Trace:
#0 /var/www/app/webroot/index.php(108): Dispatcher->dispatch(Object(CakeRequest), Object(CakeResponse))
#1 {main}
2014-05-15 12:59:21 Error: [MissingControllerException] Controller class RobotsController could not be found.
Exception Attributes: array (
  'class' => 'RobotsController',
  'plugin' => NULL,
)
Request URL: /robots.txt
Stack Trace:
#0 /var/www/app/webroot/index.php(108): Dispatcher->dispatch(Object(CakeRequest), Object(CakeResponse))
#1 {main}
2014-05-15 12:59:21 Error: [MissingControllerException] Controller class CharacterController could not be found.
Exception Attributes: array (
  'class' => 'CharacterController',
  'plugin' => NULL,
)
Request URL: /character/2/Shadowsong
Stack Trace:
#0 /var/www/app/webroot/index.php(108): Dispatcher->dispatch(Object(CakeRequest), Object(CakeResponse))
#1 {main}
2014-05-15 13:14:14 Error: [MissingControllerException] Controller class ItemController could not be found.
Exception Attributes: array (
  'class' => 'ItemController',
  'plugin' => NULL,
)
Request URL: /item/1/31658
Stack Trace:
#0 /var/www/app/webroot/index.php(108): Dispatcher->dispatch(Object(CakeRequest), Object(CakeResponse))
#1 {main}
2014-05-15 13:16:04 Error: [MissingControllerException] Controller class CharacterToolsController could not be found.
Exception Attributes: array (
  'class' => 'CharacterToolsController',
  'plugin' => NULL,
)
Request URL: /character_tools
Stack Trace:
#0 /var/www/app/webroot/index.php(108): Dispatcher->dispatch(Object(CakeRequest), Object(CakeResponse))
#1 {main}
2014-05-15 13:20:51 Error: [MissingControllerException] Controller class LotteryController could not be found.
Exception Attributes: array (
  'class' => 'LotteryController',
  'plugin' => NULL,
)
Request URL: /lottery/edition/19
Stack Trace:
#0 /var/www/app/webroot/index.php(108): Dispatcher->dispatch(Object(CakeRequest), Object(CakeResponse))
#1 {main}
2014-05-15 13:22:27 Error: [MissingControllerException] Controller class CharacterController could not be found.
Exception Attributes: array (
  'class' => 'CharacterController',
  'plugin' => NULL,
)
Request URL: /character/1/Sid
Stack Trace:
#0 /var/www/app/webroot/index.php(108): Dispatcher->dispatch(Object(CakeRequest), Object(CakeResponse))
#1 {main}
2014-05-15 13:23:34 Error: [MissingControllerException] Controller class RobotsController could not be found.
Exception Attributes: array (
  'class' => 'RobotsController',
  'plugin' => NULL,
)
Request URL: /robots.txt
Stack Trace:
#0 /var/www/app/webroot/index.php(108): Dispatcher->dispatch(Object(CakeRequest), Object(CakeResponse))
#1 {main}
2014-05-15 13:44:14 Error: [MissingControllerException] Controller class ItemController could not be found.
Exception Attributes: array (
  'class' => 'ItemController',
  'plugin' => NULL,
)
Request URL: /item/1/3274
Stack Trace:
#0 /var/www/app/webroot/index.php(108): Dispatcher->dispatch(Object(CakeRequest), Object(CakeResponse))
#1 {main}
2014-05-15 13:59:14 Error: [MissingControllerException] Controller class ItemController could not be found.
Exception Attributes: array (
  'class' => 'ItemController',
  'plugin' => NULL,
)
Request URL: /item/1/35693
Stack Trace:
#0 /var/www/app/webroot/index.php(108): Dispatcher->dispatch(Object(CakeRequest), Object(CakeResponse))
#1 {main}
2014-05-15 14:24:41 Error: [MissingControllerException] Controller class RobotsController could not be found.
Exception Attributes: array (
  'class' => 'RobotsController',
  'plugin' => NULL,
)
Request URL: /robots.txt
Stack Trace:
#0 /var/www/app/webroot/index.php(108): Dispatcher->dispatch(Object(CakeRequest), Object(CakeResponse))
#1 {main}
2014-05-15 14:24:43 Error: [MissingControllerException] Controller class ProfileController could not be found.
Exception Attributes: array (
  'class' => 'ProfileController',
  'plugin' => NULL,
)
Request URL: /profile/114
Stack Trace:
#0 /var/www/app/webroot/index.php(108): Dispatcher->dispatch(Object(CakeRequest), Object(CakeResponse))
#1 {main}
2014-05-15 14:29:14 Error: [MissingControllerException] Controller class ItemController could not be found.
Exception Attributes: array (
  'class' => 'ItemController',
  'plugin' => NULL,
)
Request URL: /item/1/16863
Stack Trace:
#0 /var/www/app/webroot/index.php(108): Dispatcher->dispatch(Object(CakeRequest), Object(CakeResponse))
#1 {main}
2014-05-15 15:15:09 Error: [MissingControllerException] Controller class GuildController could not be found.
Exception Attributes: array (
  'class' => 'GuildController',
  'plugin' => NULL,
)
Request URL: /guild/1/
Stack Trace:
#0 /var/www/app/webroot/index.php(108): Dispatcher->dispatch(Object(CakeRequest), Object(CakeResponse))
#1 {main}
2014-05-15 15:36:28 Error: [MissingControllerException] Controller class ForumController could not be found.
Exception Attributes: array (
  'class' => 'ForumController',
  'plugin' => NULL,
)
Request URL: /forum/
Stack Trace:
#0 /var/www/app/webroot/index.php(108): Dispatcher->dispatch(Object(CakeRequest), Object(CakeResponse))
#1 {main}
2014-05-15 16:03:15 Error: [MissingControllerException] Controller class RobotsController could not be found.
Exception Attributes: array (
  'class' => 'RobotsController',
  'plugin' => NULL,
)
Request URL: /robots.txt
Stack Trace:
#0 /var/www/app/webroot/index.php(108): Dispatcher->dispatch(Object(CakeRequest), Object(CakeResponse))
#1 {main}
2014-05-15 16:05:27 Error: [MissingControllerException] Controller class ItemController could not be found.
Exception Attributes: array (
  'class' => 'ItemController',
  'plugin' => NULL,
)
Request URL: /item/1/20836
Stack Trace:
#0 /var/www/app/webroot/index.php(108): Dispatcher->dispatch(Object(CakeRequest), Object(CakeResponse))
#1 {main}
2014-05-15 16:44:41 Error: [MissingControllerException] Controller class ForumController could not be found.
Exception Attributes: array (
  'class' => 'ForumController',
  'plugin' => NULL,
)
Request URL: /forum/
Stack Trace:
#0 /var/www/app/webroot/index.php(108): Dispatcher->dispatch(Object(CakeRequest), Object(CakeResponse))
#1 {main}
2014-05-15 16:44:46 Error: [MissingControllerException] Controller class ForumController could not be found.
Exception Attributes: array (
  'class' => 'ForumController',
  'plugin' => NULL,
)
Request URL: /forum/
Stack Trace:
#0 /var/www/app/webroot/index.php(108): Dispatcher->dispatch(Object(CakeRequest), Object(CakeResponse))
#1 {main}
2014-05-15 16:44:48 Error: [MissingControllerException] Controller class ForumController could not be found.
Exception Attributes: array (
  'class' => 'ForumController',
  'plugin' => NULL,
)
Request URL: /forum/
Stack Trace:
#0 /var/www/app/webroot/index.php(108): Dispatcher->dispatch(Object(CakeRequest), Object(CakeResponse))
#1 {main}
2014-05-15 16:45:05 Error: [MissingControllerException] Controller class ForumController could not be found.
Exception Attributes: array (
  'class' => 'ForumController',
  'plugin' => NULL,
)
Request URL: /forum/
Stack Trace:
#0 /var/www/app/webroot/index.php(108): Dispatcher->dispatch(Object(CakeRequest), Object(CakeResponse))
#1 {main}
2014-05-15 16:45:11 Error: [MissingControllerException] Controller class ForumController could not be found.
Exception Attributes: array (
  'class' => 'ForumController',
  'plugin' => NULL,
)
Request URL: /forum/
Stack Trace:
#0 /var/www/app/webroot/index.php(108): Dispatcher->dispatch(Object(CakeRequest), Object(CakeResponse))
#1 {main}
2014-05-15 16:45:13 Error: [MissingControllerException] Controller class ForumController could not be found.
Exception Attributes: array (
  'class' => 'ForumController',
  'plugin' => NULL,
)
Request URL: /forum/
Stack Trace:
#0 /var/www/app/webroot/index.php(108): Dispatcher->dispatch(Object(CakeRequest), Object(CakeResponse))
#1 {main}
2014-05-15 16:45:16 Error: [MissingControllerException] Controller class ForumController could not be found.
Exception Attributes: array (
  'class' => 'ForumController',
  'plugin' => NULL,
)
Request URL: /forum/
Stack Trace:
#0 /var/www/app/webroot/index.php(108): Dispatcher->dispatch(Object(CakeRequest), Object(CakeResponse))
#1 {main}
2014-05-15 16:45:18 Error: [MissingControllerException] Controller class ForumController could not be found.
Exception Attributes: array (
  'class' => 'ForumController',
  'plugin' => NULL,
)
Request URL: /forum/
Stack Trace:
#0 /var/www/app/webroot/index.php(108): Dispatcher->dispatch(Object(CakeRequest), Object(CakeResponse))
#1 {main}
2014-05-15 16:45:19 Error: [MissingControllerException] Controller class ForumController could not be found.
Exception Attributes: array (
  'class' => 'ForumController',
  'plugin' => NULL,
)
Request URL: /forum/
Stack Trace:
#0 /var/www/app/webroot/index.php(108): Dispatcher->dispatch(Object(CakeRequest), Object(CakeResponse))
#1 {main}
2014-05-15 16:45:24 Error: [MissingControllerException] Controller class ForumController could not be found.
Exception Attributes: array (
  'class' => 'ForumController',
  'plugin' => NULL,
)
Request URL: /forum/
Stack Trace:
#0 /var/www/app/webroot/index.php(108): Dispatcher->dispatch(Object(CakeRequest), Object(CakeResponse))
#1 {main}
2014-05-15 16:45:25 Error: [MissingControllerException] Controller class ForumController could not be found.
Exception Attributes: array (
  'class' => 'ForumController',
  'plugin' => NULL,
)
Request URL: /forum/
Stack Trace:
#0 /var/www/app/webroot/index.php(108): Dispatcher->dispatch(Object(CakeRequest), Object(CakeResponse))
#1 {main}
2014-05-15 16:46:42 Error: [MissingControllerException] Controller class ForumController could not be found.
Exception Attributes: array (
  'class' => 'ForumController',
  'plugin' => NULL,
)
Request URL: /forum/
Stack Trace:
#0 /var/www/app/webroot/index.php(108): Dispatcher->dispatch(Object(CakeRequest), Object(CakeResponse))
#1 {main}
2014-05-15 16:46:47 Error: [MissingControllerException] Controller class ForumController could not be found.
Exception Attributes: array (
  'class' => 'ForumController',
  'plugin' => NULL,
)
Request URL: /forum/
Stack Trace:
#0 /var/www/app/webroot/index.php(108): Dispatcher->dispatch(Object(CakeRequest), Object(CakeResponse))
#1 {main}
2014-05-15 16:46:53 Error: [MissingControllerException] Controller class ForumController could not be found.
Exception Attributes: array (
  'class' => 'ForumController',
  'plugin' => NULL,
)
Request URL: /forum/
Stack Trace:
#0 /var/www/app/webroot/index.php(108): Dispatcher->dispatch(Object(CakeRequest), Object(CakeResponse))
#1 {main}
2014-05-15 16:46:56 Error: [MissingControllerException] Controller class ForumController could not be found.
Exception Attributes: array (
  'class' => 'ForumController',
  'plugin' => NULL,
)
Request URL: /forum/
Stack Trace:
#0 /var/www/app/webroot/index.php(108): Dispatcher->dispatch(Object(CakeRequest), Object(CakeResponse))
#1 {main}
2014-05-15 16:46:58 Error: [MissingControllerException] Controller class ForumController could not be found.
Exception Attributes: array (
  'class' => 'ForumController',
  'plugin' => NULL,
)
Request URL: /forum/
Stack Trace:
#0 /var/www/app/webroot/index.php(108): Dispatcher->dispatch(Object(CakeRequest), Object(CakeResponse))
#1 {main}
2014-05-15 16:52:58 Error: [MissingControllerException] Controller class RobotsController could not be found.
Exception Attributes: array (
  'class' => 'RobotsController',
  'plugin' => NULL,
)
Request URL: /robots.txt
Stack Trace:
#0 /var/www/app/webroot/index.php(108): Dispatcher->dispatch(Object(CakeRequest), Object(CakeResponse))
#1 {main}
2014-05-15 16:52:58 Error: [MissingControllerException] Controller class ItemController could not be found.
Exception Attributes: array (
  'class' => 'ItemController',
  'plugin' => NULL,
)
Request URL: /item/1/28190
Stack Trace:
#0 /var/www/app/webroot/index.php(108): Dispatcher->dispatch(Object(CakeRequest), Object(CakeResponse))
#1 {main}
2014-05-15 17:07:22 Error: [MissingControllerException] Controller class WebdavController could not be found.
Exception Attributes: array (
  'class' => 'WebdavController',
  'plugin' => NULL,
)
Request URL: /webdav/
Stack Trace:
#0 /var/www/app/webroot/index.php(108): Dispatcher->dispatch(Object(CakeRequest), Object(CakeResponse))
#1 {main}
2014-05-15 17:11:43 Error: [MissingControllerException] Controller class MuieblackcatController could not be found.
Exception Attributes: array (
  'class' => 'MuieblackcatController',
  'plugin' => NULL,
)
Request URL: /muieblackcat
Stack Trace:
#0 /var/www/app/webroot/index.php(108): Dispatcher->dispatch(Object(CakeRequest), Object(CakeResponse))
#1 {main}
2014-05-15 17:15:05 Error: [MissingControllerException] Controller class ProfileController could not be found.
Exception Attributes: array (
  'class' => 'ProfileController',
  'plugin' => NULL,
)
Request URL: /profile/301
Stack Trace:
#0 /var/www/app/webroot/index.php(108): Dispatcher->dispatch(Object(CakeRequest), Object(CakeResponse))
#1 {main}
2014-05-15 17:17:30 Error: [MissingControllerException] Controller class ItemController could not be found.
Exception Attributes: array (
  'class' => 'ItemController',
  'plugin' => NULL,
)
Request URL: /item/1/3511
Stack Trace:
#0 /var/www/app/webroot/index.php(108): Dispatcher->dispatch(Object(CakeRequest), Object(CakeResponse))
#1 {main}
2014-05-15 17:19:35 Error: [MissingControllerException] Controller class RobotsController could not be found.
Exception Attributes: array (
  'class' => 'RobotsController',
  'plugin' => NULL,
)
Request URL: /robots.txt
Stack Trace:
#0 /var/www/app/webroot/index.php(108): Dispatcher->dispatch(Object(CakeRequest), Object(CakeResponse))
#1 {main}
2014-05-15 17:19:36 Error: [MissingControllerException] Controller class RobotsController could not be found.
Exception Attributes: array (
  'class' => 'RobotsController',
  'plugin' => NULL,
)
Request URL: /robots.txt
Stack Trace:
#0 /var/www/app/webroot/index.php(108): Dispatcher->dispatch(Object(CakeRequest), Object(CakeResponse))
#1 {main}
2014-05-15 17:22:31 Error: [MissingControllerException] Controller class ItemController could not be found.
Exception Attributes: array (
  'class' => 'ItemController',
  'plugin' => NULL,
)
Request URL: /item/1/31856
Stack Trace:
#0 /var/www/app/webroot/index.php(108): Dispatcher->dispatch(Object(CakeRequest), Object(CakeResponse))
#1 {main}
2014-05-15 17:27:30 Error: [MissingControllerException] Controller class RobotsController could not be found.
Exception Attributes: array (
  'class' => 'RobotsController',
  'plugin' => NULL,
)
Request URL: /robots.txt
Stack Trace:
#0 /var/www/app/webroot/index.php(108): Dispatcher->dispatch(Object(CakeRequest), Object(CakeResponse))
#1 {main}
2014-05-15 17:49:56 Error: [MissingControllerException] Controller class ApplicationController could not be found.
Exception Attributes: array (
  'class' => 'ApplicationController',
  'plugin' => NULL,
)
Request URL: /application/themes/crusader_theme/fonts/
Stack Trace:
#0 /var/www/app/webroot/index.php(108): Dispatcher->dispatch(Object(CakeRequest), Object(CakeResponse))
#1 {main}
2014-05-15 17:50:05 Error: [MissingControllerException] Controller class ItemController could not be found.
Exception Attributes: array (
  'class' => 'ItemController',
  'plugin' => NULL,
)
Request URL: /item/1/25979
Stack Trace:
#0 /var/www/app/webroot/index.php(108): Dispatcher->dispatch(Object(CakeRequest), Object(CakeResponse))
#1 {main}
2014-05-15 17:52:30 Error: [MissingControllerException] Controller class ItemController could not be found.
Exception Attributes: array (
  'class' => 'ItemController',
  'plugin' => NULL,
)
Request URL: /item/1/28050
Stack Trace:
#0 /var/www/app/webroot/index.php(108): Dispatcher->dispatch(Object(CakeRequest), Object(CakeResponse))
#1 {main}
2014-05-15 17:57:30 Error: [MissingControllerException] Controller class ProfileController could not be found.
Exception Attributes: array (
  'class' => 'ProfileController',
  'plugin' => NULL,
)
Request URL: /profile/290
Stack Trace:
#0 /var/www/app/webroot/index.php(108): Dispatcher->dispatch(Object(CakeRequest), Object(CakeResponse))
#1 {main}
2014-05-15 18:02:29 Error: [MissingControllerException] Controller class ItemController could not be found.
Exception Attributes: array (
  'class' => 'ItemController',
  'plugin' => NULL,
)
Request URL: /item/1/32769
Stack Trace:
#0 /var/www/app/webroot/index.php(108): Dispatcher->dispatch(Object(CakeRequest), Object(CakeResponse))
#1 {main}
2014-05-15 18:05:05 Error: [MissingControllerException] Controller class ItemController could not be found.
Exception Attributes: array (
  'class' => 'ItemController',
  'plugin' => NULL,
)
Request URL: /item/2/24143
Stack Trace:
#0 /var/www/app/webroot/index.php(108): Dispatcher->dispatch(Object(CakeRequest), Object(CakeResponse))
#1 {main}
2014-05-15 18:07:29 Error: [MissingControllerException] Controller class ItemController could not be found.
Exception Attributes: array (
  'class' => 'ItemController',
  'plugin' => NULL,
)
Request URL: /item/1/29092
Stack Trace:
#0 /var/www/app/webroot/index.php(108): Dispatcher->dispatch(Object(CakeRequest), Object(CakeResponse))
#1 {main}
2014-05-15 18:38:52 Error: [MissingControllerException] Controller class RobotsController could not be found.
Exception Attributes: array (
  'class' => 'RobotsController',
  'plugin' => NULL,
)
Request URL: /robots.txt
Stack Trace:
#0 /var/www/app/webroot/index.php(108): Dispatcher->dispatch(Object(CakeRequest), Object(CakeResponse))
#1 {main}
2014-05-15 18:50:01 Error: [MissingControllerException] Controller class CharacterController could not be found.
Exception Attributes: array (
  'class' => 'CharacterController',
  'plugin' => NULL,
)
Request URL: /character/1/442
Stack Trace:
#0 /var/www/app/webroot/index.php(108): Dispatcher->dispatch(Object(CakeRequest), Object(CakeResponse))
#1 {main}
2014-05-15 18:50:38 Error: [MissingControllerException] Controller class CharacterController could not be found.
Exception Attributes: array (
  'class' => 'CharacterController',
  'plugin' => NULL,
)
Request URL: /character/1/Kain
Stack Trace:
#0 /var/www/app/webroot/index.php(108): Dispatcher->dispatch(Object(CakeRequest), Object(CakeResponse))
#1 {main}
2014-05-15 18:52:34 Error: [MissingControllerException] Controller class ItemController could not be found.
Exception Attributes: array (
  'class' => 'ItemController',
  'plugin' => NULL,
)
Request URL: /item/1/16803
Stack Trace:
#0 /var/www/app/webroot/index.php(108): Dispatcher->dispatch(Object(CakeRequest), Object(CakeResponse))
#1 {main}
2014-05-15 18:57:59 Error: [MissingControllerException] Controller class ProfileController could not be found.
Exception Attributes: array (
  'class' => 'ProfileController',
  'plugin' => NULL,
)
Request URL: /profile/479
Stack Trace:
#0 /var/www/app/webroot/index.php(108): Dispatcher->dispatch(Object(CakeRequest), Object(CakeResponse))
#1 {main}
2014-05-15 19:44:25 Error: [MissingControllerException] Controller class ArmoryController could not be found.
Exception Attributes: array (
  'class' => 'ArmoryController',
  'plugin' => NULL,
)
Request URL: /armory
Stack Trace:
#0 /var/www/app/webroot/index.php(108): Dispatcher->dispatch(Object(CakeRequest), Object(CakeResponse))
#1 {main}
2014-05-15 19:49:06 Error: [MissingControllerException] Controller class RobotsController could not be found.
Exception Attributes: array (
  'class' => 'RobotsController',
  'plugin' => NULL,
)
Request URL: /robots.txt
Stack Trace:
#0 /var/www/app/webroot/index.php(108): Dispatcher->dispatch(Object(CakeRequest), Object(CakeResponse))
#1 {main}
2014-05-15 19:49:58 Error: [MissingControllerException] Controller class ItemController could not be found.
Exception Attributes: array (
  'class' => 'ItemController',
  'plugin' => NULL,
)
Request URL: /item/1/23709
Stack Trace:
#0 /var/www/app/webroot/index.php(108): Dispatcher->dispatch(Object(CakeRequest), Object(CakeResponse))
#1 {main}
2014-05-15 19:50:01 Error: [MissingControllerException] Controller class ItemController could not be found.
Exception Attributes: array (
  'class' => 'ItemController',
  'plugin' => NULL,
)
Request URL: /item/1/16858
Stack Trace:
#0 /var/www/app/webroot/index.php(108): Dispatcher->dispatch(Object(CakeRequest), Object(CakeResponse))
#1 {main}
2014-05-15 19:50:02 Error: [MissingControllerException] Controller class CharacterController could not be found.
Exception Attributes: array (
  'class' => 'CharacterController',
  'plugin' => NULL,
)
Request URL: /character/2/1529
Stack Trace:
#0 /var/www/app/webroot/index.php(108): Dispatcher->dispatch(Object(CakeRequest), Object(CakeResponse))
#1 {main}
2014-05-15 19:52:30 Error: [MissingControllerException] Controller class ItemController could not be found.
Exception Attributes: array (
  'class' => 'ItemController',
  'plugin' => NULL,
)
Request URL: /item/1/25682
Stack Trace:
#0 /var/www/app/webroot/index.php(108): Dispatcher->dispatch(Object(CakeRequest), Object(CakeResponse))
#1 {main}
2014-05-15 19:57:20 Error: [MissingControllerException] Controller class ArmoryController could not be found.
Exception Attributes: array (
  'class' => 'ArmoryController',
  'plugin' => NULL,
)
Request URL: /armory
Stack Trace:
#0 /var/www/app/webroot/index.php(108): Dispatcher->dispatch(Object(CakeRequest), Object(CakeResponse))
#1 {main}
2014-05-15 19:57:32 Error: [MissingControllerException] Controller class ForumController could not be found.
Exception Attributes: array (
  'class' => 'ForumController',
  'plugin' => NULL,
)
Request URL: /forum/
Stack Trace:
#0 /var/www/app/webroot/index.php(108): Dispatcher->dispatch(Object(CakeRequest), Object(CakeResponse))
#1 {main}
2014-05-15 19:58:17 Error: [MissingControllerException] Controller class RobotsController could not be found.
Exception Attributes: array (
  'class' => 'RobotsController',
  'plugin' => NULL,
)
Request URL: /robots.txt
Stack Trace:
#0 /var/www/app/webroot/index.php(108): Dispatcher->dispatch(Object(CakeRequest), Object(CakeResponse))
#1 {main}
2014-05-15 20:06:30 Error: [MissingControllerException] Controller class RobotsController could not be found.
Exception Attributes: array (
  'class' => 'RobotsController',
  'plugin' => NULL,
)
Request URL: /robots.txt
Stack Trace:
#0 /var/www/app/webroot/index.php(108): Dispatcher->dispatch(Object(CakeRequest), Object(CakeResponse))
#1 {main}
2014-05-15 20:48:04 Error: [MissingControllerException] Controller class ItemController could not be found.
Exception Attributes: array (
  'class' => 'ItemController',
  'plugin' => NULL,
)
Request URL: /item/1/34334
Stack Trace:
#0 /var/www/app/webroot/index.php(108): Dispatcher->dispatch(Object(CakeRequest), Object(CakeResponse))
#1 {main}
2014-05-15 20:48:05 Error: [MissingControllerException] Controller class ItemController could not be found.
Exception Attributes: array (
  'class' => 'ItemController',
  'plugin' => NULL,
)
Request URL: /item/1/714
Stack Trace:
#0 /var/www/app/webroot/index.php(108): Dispatcher->dispatch(Object(CakeRequest), Object(CakeResponse))
#1 {main}
2014-05-15 21:04:39 Error: [MissingControllerException] Controller class RobotsController could not be found.
Exception Attributes: array (
  'class' => 'RobotsController',
  'plugin' => NULL,
)
Request URL: /robots.txt
Stack Trace:
#0 /var/www/app/webroot/index.php(108): Dispatcher->dispatch(Object(CakeRequest), Object(CakeResponse))
#1 {main}
2014-05-15 21:04:41 Error: [MissingControllerException] Controller class CharacterController could not be found.
Exception Attributes: array (
  'class' => 'CharacterController',
  'plugin' => NULL,
)
Request URL: /character/1/Bl%C3%83%C2%B2%C3%83%C2%B3dthirs
Stack Trace:
#0 /var/www/app/webroot/index.php(108): Dispatcher->dispatch(Object(CakeRequest), Object(CakeResponse))
#1 {main}
2014-05-15 21:04:42 Error: [MissingControllerException] Controller class CharacterController could not be found.
Exception Attributes: array (
  'class' => 'CharacterController',
  'plugin' => NULL,
)
Request URL: /character/1/Bl%C3%B2%C3%B3dthirsty
Stack Trace:
#0 /var/www/app/webroot/index.php(108): Dispatcher->dispatch(Object(CakeRequest), Object(CakeResponse))
#1 {main}
2014-05-15 21:04:44 Error: [MissingControllerException] Controller class CharacterController could not be found.
Exception Attributes: array (
  'class' => 'CharacterController',
  'plugin' => NULL,
)
Request URL: /character/2/Bl%C3%83%C2%B2%C3%83%C2%B3dthirs
Stack Trace:
#0 /var/www/app/webroot/index.php(108): Dispatcher->dispatch(Object(CakeRequest), Object(CakeResponse))
#1 {main}
2014-05-15 21:04:46 Error: [MissingControllerException] Controller class CharacterController could not be found.
Exception Attributes: array (
  'class' => 'CharacterController',
  'plugin' => NULL,
)
Request URL: /character/2/Knutg%C3%B6ran
Stack Trace:
#0 /var/www/app/webroot/index.php(108): Dispatcher->dispatch(Object(CakeRequest), Object(CakeResponse))
#1 {main}
2014-05-15 21:04:47 Error: [MissingControllerException] Controller class RobotsController could not be found.
Exception Attributes: array (
  'class' => 'RobotsController',
  'plugin' => NULL,
)
Request URL: /robots.txt
Stack Trace:
#0 /var/www/app/webroot/index.php(108): Dispatcher->dispatch(Object(CakeRequest), Object(CakeResponse))
#1 {main}
2014-05-15 21:04:48 Error: [MissingControllerException] Controller class ForumController could not be found.
Exception Attributes: array (
  'class' => 'ForumController',
  'plugin' => NULL,
)
Request URL: /forum
Stack Trace:
#0 /var/www/app/webroot/index.php(108): Dispatcher->dispatch(Object(CakeRequest), Object(CakeResponse))
#1 {main}
2014-05-15 21:05:48 Error: [MissingControllerException] Controller class ItemController could not be found.
Exception Attributes: array (
  'class' => 'ItemController',
  'plugin' => NULL,
)
Request URL: /item/1/29080
Stack Trace:
#0 /var/www/app/webroot/index.php(108): Dispatcher->dispatch(Object(CakeRequest), Object(CakeResponse))
#1 {main}
2014-05-15 21:07:29 Error: [MissingControllerException] Controller class ItemController could not be found.
Exception Attributes: array (
  'class' => 'ItemController',
  'plugin' => NULL,
)
Request URL: /item/1/34604
Stack Trace:
#0 /var/www/app/webroot/index.php(108): Dispatcher->dispatch(Object(CakeRequest), Object(CakeResponse))
#1 {main}
2014-05-15 21:09:20 Error: [MissingControllerException] Controller class ItemController could not be found.
Exception Attributes: array (
  'class' => 'ItemController',
  'plugin' => NULL,
)
Request URL: /item/1/32375
Stack Trace:
#0 /var/www/app/webroot/index.php(108): Dispatcher->dispatch(Object(CakeRequest), Object(CakeResponse))
#1 {main}
2014-05-15 21:12:30 Error: [MissingControllerException] Controller class ItemController could not be found.
Exception Attributes: array (
  'class' => 'ItemController',
  'plugin' => NULL,
)
Request URL: /item/1/23518
Stack Trace:
#0 /var/www/app/webroot/index.php(108): Dispatcher->dispatch(Object(CakeRequest), Object(CakeResponse))
#1 {main}
2014-05-15 21:18:53 Error: [PDOException] SQLSTATE[42000]: Syntax error or access violation: 1305 FUNCTION brain_db.CALCULATE_DISTANCEE does not exist
Request URL: /Planner/NearestStations/21.260340/-157.818079.xml
Stack Trace:
#0 /var/www/lib/Cake/Model/Datasource/DboSource.php(458): PDOStatement->execute(Array)
#1 /var/www/lib/Cake/Model/Datasource/DboSource.php(424): DboSource->_execute('SELECT `Stop`.`...', Array)
#2 /var/www/lib/Cake/Model/Datasource/DboSource.php(665): DboSource->execute('SELECT `Stop`.`...', Array, Array)
#3 /var/www/lib/Cake/Model/Datasource/DboSource.php(1077): DboSource->fetchAll('SELECT `Stop`.`...', false)
#4 /var/www/lib/Cake/Model/Model.php(2903): DboSource->read(Object(Stop), Array)
#5 /var/www/lib/Cake/Model/Model.php(2875): Model->_readDataSource('all', Array)
#6 /var/www/app/Controller/PlannerController.php(94): Model->find('all', Array)
#7 [internal function]: PlannerController->NearestStations('21.260340', '-157.818079')
#8 /var/www/lib/Cake/Controller/Controller.php(490): ReflectionMethod->invokeArgs(Object(PlannerController), Array)
#9 /var/www/lib/Cake/Routing/Dispatcher.php(185): Controller->invokeAction(Object(CakeRequest))
#10 /var/www/lib/Cake/Routing/Dispatcher.php(160): Dispatcher->_invoke(Object(PlannerController), Object(CakeRequest), Object(CakeResponse))
#11 /var/www/app/webroot/index.php(108): Dispatcher->dispatch(Object(CakeRequest), Object(CakeResponse))
#12 {main}
2014-05-15 21:28:59 Error: [MissingControllerException] Controller class RobotsController could not be found.
Exception Attributes: array (
  'class' => 'RobotsController',
  'plugin' => NULL,
)
Request URL: /robots.txt
Stack Trace:
#0 /var/www/app/webroot/index.php(108): Dispatcher->dispatch(Object(CakeRequest), Object(CakeResponse))
#1 {main}
